Using pre-set license
Built from '2021.3/staging' branch; Version is '2021.3.24f1 (cf10dcf7010d) revision 13570268'; Using compiler version '192829333'; Build Type 'Release'
OS: 'Windows 11  (10.0.22621) 64bit CoreSingleLanguage' Language: 'tr' Physical Memory: 24317 MB
BatchMode: 1, IsHumanControllingUs: 0, StartBugReporterOnCrash: 0, Is64bit: 1, IsPro: 1

COMMAND LINE ARGUMENTS:
C:\Program Files\Unity\Hub\Editor\2021.3.24f1\Editor\Unity.exe
-adb2
-batchMode
-noUpm
-name
AssetImportWorker1
-projectPath
C:/UNİTY/unity düzen/project faelum deneme3
-logFile
Logs/AssetImportWorker1.log
-srvPort
62556
Successfully changed project path to: C:/UNİTY/unity düzen/project faelum deneme3
C:/UNİTY/unity düzen/project faelum deneme3
[UnityMemory] Configuration Parameters - Can be set up in boot.config
    "memorysetup-bucket-allocator-granularity=16"
    "memorysetup-bucket-allocator-bucket-count=8"
    "memorysetup-bucket-allocator-block-size=33554432"
    "memorysetup-bucket-allocator-block-count=8"
    "memorysetup-main-allocator-block-size=16777216"
    "memorysetup-thread-allocator-block-size=16777216"
    "memorysetup-gfx-main-allocator-block-size=16777216"
    "memorysetup-gfx-thread-allocator-block-size=16777216"
    "memorysetup-cache-allocator-block-size=4194304"
    "memorysetup-typetree-allocator-block-size=2097152"
    "memorysetup-profiler-bucket-allocator-granularity=16"
    "memorysetup-profiler-bucket-allocator-bucket-count=8"
    "memorysetup-profiler-bucket-allocator-block-size=33554432"
    "memorysetup-profiler-bucket-allocator-block-count=8"
    "memorysetup-profiler-allocator-block-size=16777216"
    "memorysetup-profiler-editor-allocator-block-size=1048576"
    "memorysetup-temp-allocator-size-main=16777216"
    "memorysetup-job-temp-allocator-block-size=2097152"
    "memorysetup-job-temp-allocator-block-size-background=1048576"
    "memorysetup-job-temp-allocator-reduction-small-platforms=262144"
    "memorysetup-temp-allocator-size-background-worker=32768"
    "memorysetup-temp-allocator-size-job-worker=262144"
    "memorysetup-temp-allocator-size-preload-manager=33554432"
    "memorysetup-temp-allocator-size-nav-mesh-worker=65536"
    "memorysetup-temp-allocator-size-audio-worker=65536"
    "memorysetup-temp-allocator-size-cloud-worker=32768"
    "memorysetup-temp-allocator-size-gi-baking-worker=262144"
    "memorysetup-temp-allocator-size-gfx=262144"
Player connection [22456] Host "[IP] 192.168.1.63 [Port] 0 [Flags] 2 [Guid] 3303248586 [EditorId] 3303248586 [Version] 1048832 [Id] WindowsEditor(7,DESKTOP-I0O73BG) [Debug] 1 [PackageName] WindowsEditor [ProjectName] Editor" joined multi-casting on [225.0.0.222:54997]...

Player connection [22456] Host "[IP] 192.168.1.63 [Port] 0 [Flags] 2 [Guid] 3303248586 [EditorId] 3303248586 [Version] 1048832 [Id] WindowsEditor(7,DESKTOP-I0O73BG) [Debug] 1 [PackageName] WindowsEditor [ProjectName] Editor" joined alternative multi-casting on [225.0.0.222:34997]...

Refreshing native plugins compatible for Editor in 71.36 ms, found 4 plugins.
Preloading 0 native plugins for Editor in 0.00 ms.
Initialize engine version: 2021.3.24f1 (cf10dcf7010d)
[Subsystems] Discovering subsystems at path C:/Program Files/Unity/Hub/Editor/2021.3.24f1/Editor/Data/Resources/UnitySubsystems
[Subsystems] Discovering subsystems at path C:/UNİTY/unity düzen/project faelum deneme3/Assets
GfxDevice: creating device client; threaded=0; jobified=0
Direct3D:
    Version:  Direct3D 11.0 [level 11.1]
    Renderer: NVIDIA GeForce RTX 3060 Laptop GPU (ID=0x2520)
    Vendor:   NVIDIA
    VRAM:     6009 MB
    Driver:   31.0.15.3179
Initialize mono
Mono path[0] = 'C:/Program Files/Unity/Hub/Editor/2021.3.24f1/Editor/Data/Managed'
Mono path[1] = 'C:/Program Files/Unity/Hub/Editor/2021.3.24f1/Editor/Data/MonoBleedingEdge/lib/mono/unityjit-win32'
Mono config path = 'C:/Program Files/Unity/Hub/Editor/2021.3.24f1/Editor/Data/MonoBleedingEdge/etc'
Using monoOptions --debugger-agent=transport=dt_socket,embedding=1,server=y,suspend=n,address=127.0.0.1:56132
Begin MonoManager ReloadAssembly
Registering precompiled unity dll's ...
Register platform support module: C:/Program Files/Unity/Hub/Editor/2021.3.24f1/Editor/Data/PlaybackEngines/WebGLSupport/UnityEditor.WebGL.Extensions.dll
Register platform support module: C:/Program Files/Unity/Hub/Editor/2021.3.24f1/Editor/Data/PlaybackEngines/WindowsStandaloneSupport/UnityEditor.WindowsStandalone.Extensions.dll
Registered in 0.009135 seconds.
Native extension for WindowsStandalone target not found
Native extension for WebGL target not found
Refreshing native plugins compatible for Editor in 74.74 ms, found 4 plugins.
Preloading 0 native plugins for Editor in 0.00 ms.
Mono: successfully reloaded assembly
- Completed reload, in  0.596 seconds
Domain Reload Profiling:
	ReloadAssembly (596ms)
		BeginReloadAssembly (101ms)
			ExecutionOrderSort (0ms)
			DisableScriptedObjects (0ms)
			BackupInstance (0ms)
			ReleaseScriptingObjects (0ms)
			CreateAndSetChildDomain (1ms)
		EndReloadAssembly (408ms)
			LoadAssemblies (100ms)
			RebuildTransferFunctionScriptingTraits (0ms)
			SetupTypeCache (97ms)
			ReleaseScriptCaches (0ms)
			RebuildScriptCaches (26ms)
			SetupLoadedEditorAssemblies (233ms)
				LogAssemblyErrors (0ms)
				InitializePlatformSupportModulesInManaged (9ms)
				SetLoadedEditorAssemblies (0ms)
				RefreshPlugins (75ms)
				BeforeProcessingInitializeOnLoad (1ms)
				ProcessInitializeOnLoadAttributes (105ms)
				ProcessInitializeOnLoadMethodAttributes (42ms)
				AfterProcessingInitializeOnLoad (0ms)
				EditorAssembliesLoaded (0ms)
			ExecutionOrderSort2 (0ms)
			AwakeInstancesAfterBackupRestoration (0ms)
Platform modules already initialized, skipping
Registering precompiled user dll's ...
Registered in 0.006174 seconds.
Begin MonoManager ReloadAssembly
Symbol file LoadedFromMemory doesn't match image C:\UNİTY\unity düzen\project faelum deneme3\Library\PackageCache\com.unity.visualscripting@1.8.0\Editor\VisualScripting.Core\Dependencies\YamlDotNet\Unity.VisualScripting.YamlDotNet.dll
Symbol file LoadedFromMemory doesn't match image C:\UNİTY\unity düzen\project faelum deneme3\Library\PackageCache\com.unity.visualscripting@1.8.0\Editor\VisualScripting.Core\Dependencies\DotNetZip\Unity.VisualScripting.IonicZip.dll
Native extension for WindowsStandalone target not found
Native extension for WebGL target not found
Refreshing native plugins compatible for Editor in 69.62 ms, found 4 plugins.
Preloading 0 native plugins for Editor in 0.00 ms.
Mono: successfully reloaded assembly
- Completed reload, in  1.117 seconds
Domain Reload Profiling:
	ReloadAssembly (1118ms)
		BeginReloadAssembly (107ms)
			ExecutionOrderSort (0ms)
			DisableScriptedObjects (5ms)
			BackupInstance (0ms)
			ReleaseScriptingObjects (0ms)
			CreateAndSetChildDomain (21ms)
		EndReloadAssembly (916ms)
			LoadAssemblies (191ms)
			RebuildTransferFunctionScriptingTraits (0ms)
			SetupTypeCache (206ms)
			ReleaseScriptCaches (1ms)
			RebuildScriptCaches (60ms)
			SetupLoadedEditorAssemblies (419ms)
				LogAssemblyErrors (0ms)
				InitializePlatformSupportModulesInManaged (5ms)
				SetLoadedEditorAssemblies (0ms)
				RefreshPlugins (70ms)
				BeforeProcessingInitializeOnLoad (83ms)
				ProcessInitializeOnLoadAttributes (224ms)
				ProcessInitializeOnLoadMethodAttributes (30ms)
				AfterProcessingInitializeOnLoad (7ms)
				EditorAssembliesLoaded (0ms)
			ExecutionOrderSort2 (0ms)
			AwakeInstancesAfterBackupRestoration (7ms)
Platform modules already initialized, skipping
========================================================================
Worker process is ready to serve import requests
Launched and connected shader compiler UnityShaderCompiler.exe after 0.04 seconds
Refreshing native plugins compatible for Editor in 0.76 ms, found 4 plugins.
Preloading 0 native plugins for Editor in 0.00 ms.
Unloading 3976 Unused Serialized files (Serialized files now loaded: 0)
Unloading 42 unused Assets / (229.4 KB). Loaded Objects now: 4431.
Memory consumption went from 153.8 MB to 153.6 MB.
Total: 3.561200 ms (FindLiveObjects: 0.350200 ms CreateObjectMapping: 0.144800 ms MarkObjects: 2.906200 ms  DeleteObjects: 0.159000 ms)

AssetImportParameters requested are different than current active one (requested -> active):
  custom:video-decoder-ogg-theora: a1e56fd34408186e4bbccfd4996cb3dc -> 
  custom:container-muxer-webm: aa71ff27fc2769a1b78a27578f13a17b -> 
  custom:container-demuxer-webm: 4f35f7cbe854078d1ac9338744f61a02 -> 
  custom:video-encoder-webm-vp8: eb34c28f22e8b96e1ab97ce403110664 -> 
  custom:audio-encoder-webm-vorbis: bf7c407c2cedff20999df2af8eb42d56 -> 
  custom:framework-win-MediaFoundation: 216162199b28c13a410421893ffa2e32 -> 
  custom:container-demuxer-ogg: 62fdf1f143b41e24485cea50d1cbac27 -> 
  custom:video-decoder-webm-vp8: 9c59270c3fd7afecdb556c50c9e8de78 -> 
  custom:audio-decoder-ogg-vorbis: bf7c407c2cedff20999df2af8eb42d56 -> 
========================================================================
Received Import Request.
  Time since last request: 81595.928586 seconds.
  path: Assets/Prefabs/EnemyBase Variant.prefab
  artifactKey: Guid(521b81edc86a64f4095f550068d33b7c) Importer(815301076,1909f56bfc062723c751e8b465ee728b)
Start importing Assets/Prefabs/EnemyBase Variant.prefab using Guid(521b81edc86a64f4095f550068d33b7c) Importer(815301076,1909f56bfc062723c751e8b465ee728b)  -> (artifact id: '6d85618231f61f7e417bc7bdd850fe69') in 0.109626 seconds 
========================================================================
Received Import Request.
  Time since last request: 327.840084 seconds.
  path: Assets/Xentronica_sprites/CENAVAR_vol2_gif2.png
  artifactKey: Guid(e2844c240a5964646b8fc40fcc56f570) Importer(815301076,1909f56bfc062723c751e8b465ee728b)
Start importing Assets/Xentronica_sprites/CENAVAR_vol2_gif2.png using Guid(e2844c240a5964646b8fc40fcc56f570) Importer(815301076,1909f56bfc062723c751e8b465ee728b)  -> (artifact id: '02777a4aae59e16175fa6834611ab115') in 0.048307 seconds 
========================================================================
Received Import Request.
  Time since last request: 0.000033 seconds.
  path: Assets/Xentronica_sprites/CENAVAR_vol2_gif3.png
  artifactKey: Guid(af4b5bb89fd904947baf678661e52242) Importer(815301076,1909f56bfc062723c751e8b465ee728b)
Start importing Assets/Xentronica_sprites/CENAVAR_vol2_gif3.png using Guid(af4b5bb89fd904947baf678661e52242) Importer(815301076,1909f56bfc062723c751e8b465ee728b)  -> (artifact id: '4651915f9bb9279cf6e277d9743051a4') in 0.016151 seconds 
========================================================================
Received Import Request.
  Time since last request: 5.405397 seconds.
  path: Assets/Xentronica_sprites/CENAVAR_gif3.png
  artifactKey: Guid(ca8aafdb17f1eca458180669a8fa9542) Importer(815301076,1909f56bfc062723c751e8b465ee728b)
Start importing Assets/Xentronica_sprites/CENAVAR_gif3.png using Guid(ca8aafdb17f1eca458180669a8fa9542) Importer(815301076,1909f56bfc062723c751e8b465ee728b)  -> (artifact id: 'e5bc067875e718568b53117c0775e7de') in 0.016034 seconds 
========================================================================
Received Import Request.
  Time since last request: 0.000023 seconds.
  path: Assets/Xentronica_sprites/CENAVAR_gif6.png
  artifactKey: Guid(10a8468c43e414b4ca1a1c2706a72cb8) Importer(815301076,1909f56bfc062723c751e8b465ee728b)
Start importing Assets/Xentronica_sprites/CENAVAR_gif6.png using Guid(10a8468c43e414b4ca1a1c2706a72cb8) Importer(815301076,1909f56bfc062723c751e8b465ee728b)  -> (artifact id: 'fa24107c2ec9e9c0390a9329996649b4') in 0.018334 seconds 
========================================================================
Received Import Request.
  Time since last request: 0.000040 seconds.
  path: Assets/Xentronica_sprites/CENAVAR_gif8.png
  artifactKey: Guid(e6ba4df9916a5114f853011a1ee85633) Importer(815301076,1909f56bfc062723c751e8b465ee728b)
Start importing Assets/Xentronica_sprites/CENAVAR_gif8.png using Guid(e6ba4df9916a5114f853011a1ee85633) Importer(815301076,1909f56bfc062723c751e8b465ee728b)  -> (artifact id: 'd6648cdfb2845b44516e3fee06d00966') in 0.022166 seconds 
========================================================================
Received Import Request.
  Time since last request: 0.000040 seconds.
  path: Assets/Xentronica_sprites/CENAVAR_gif9.png
  artifactKey: Guid(6dfd8cbf939ee294880b95dcb71b24b3) Importer(815301076,1909f56bfc062723c751e8b465ee728b)
Start importing Assets/Xentronica_sprites/CENAVAR_gif9.png using Guid(6dfd8cbf939ee294880b95dcb71b24b3) Importer(815301076,1909f56bfc062723c751e8b465ee728b)  -> (artifact id: '5ed935dcf63c0a20d5c90fe8e70fcccc') in 0.014208 seconds 
========================================================================
Received Import Request.
  Time since last request: 30.403424 seconds.
  path: Assets/Xentronica_sprites/CENAVAR_gif3.png
  artifactKey: Guid(ca8aafdb17f1eca458180669a8fa9542) Importer(815301076,1909f56bfc062723c751e8b465ee728b)
Start importing Assets/Xentronica_sprites/CENAVAR_gif3.png using Guid(ca8aafdb17f1eca458180669a8fa9542) Importer(815301076,1909f56bfc062723c751e8b465ee728b)  -> (artifact id: '0a4d30aa9194ba6341fe4b5003567218') in 0.014807 seconds 
========================================================================
Received Import Request.
  Time since last request: 0.000023 seconds.
  path: Assets/Xentronica_sprites/CENAVAR_gif8.png
  artifactKey: Guid(e6ba4df9916a5114f853011a1ee85633) Importer(815301076,1909f56bfc062723c751e8b465ee728b)
Start importing Assets/Xentronica_sprites/CENAVAR_gif8.png using Guid(e6ba4df9916a5114f853011a1ee85633) Importer(815301076,1909f56bfc062723c751e8b465ee728b)  -> (artifact id: '8b9ae401abe9a5ecb9cae2045f0ee1b5') in 0.015534 seconds 
========================================================================
Received Import Request.
  Time since last request: 0.000037 seconds.
  path: Assets/Xentronica_sprites/CENAVAR_gif5.png
  artifactKey: Guid(5d3de3ffb94562e4b9f70c001e5d9ba4) Importer(815301076,1909f56bfc062723c751e8b465ee728b)
Start importing Assets/Xentronica_sprites/CENAVAR_gif5.png using Guid(5d3de3ffb94562e4b9f70c001e5d9ba4) Importer(815301076,1909f56bfc062723c751e8b465ee728b)  -> (artifact id: 'b1aaa3c1d808d2106259ae6c6c04579b') in 0.013228 seconds 
========================================================================
Received Import Request.
  Time since last request: 0.000023 seconds.
  path: Assets/Xentronica_sprites/CENAVAR_gif9.png
  artifactKey: Guid(6dfd8cbf939ee294880b95dcb71b24b3) Importer(815301076,1909f56bfc062723c751e8b465ee728b)
Start importing Assets/Xentronica_sprites/CENAVAR_gif9.png using Guid(6dfd8cbf939ee294880b95dcb71b24b3) Importer(815301076,1909f56bfc062723c751e8b465ee728b)  -> (artifact id: '090b3ba57c5dc40f6f1f1e7aeae6aefc') in 0.014720 seconds 
Editor requested this worker to shutdown with reason: Scaling down because of idle timeout
AssetImportWorker is now disconnected from the server
Process exiting
Exiting without the bug reporter. Application will terminate with return code 0